<?xml version="1.0" encoding="UTF-8"?>
<!-- Generated by org.testng.reporters.JUnitReportReporter -->
<testsuite skipped="0" hostname="VISHNU" name="com.qa.rest.tests.GetBDD" tests="1" failures="0" timestamp="2019-12-11T22:47:57 IST" time="5.894" errors="0">
  <testcase name="testCircuits" time="5.894" classname="com.qa.rest.tests.GetBDD"/>
</testsuite> <!-- com.qa.rest.tests.GetBDD -->
